<?xml version="1.0" encoding="UTF-8"?>
<testng-results skipped="0" failed="0" ignored="0" total="1" passed="1">
  <reporter-output>
  </reporter-output>
  <suite name="Default suite" duration-ms="161" started-at="2023-03-15T11:12:46 PDT" finished-at="2023-03-15T11:12:46 PDT">
    <groups>
    </groups>
    <test name="Default test" duration-ms="161" started-at="2023-03-15T11:12:46 PDT" finished-at="2023-03-15T11:12:46 PDT">
      <class name="com.webwork.app.runner.SimpleTest">
        <test-method status="PASS" signature="simpleTest()[pri:0, instance:com.webwork.app.runner.SimpleTest@2d8f65a4]" name="simpleTest" duration-ms="26" started-at="2023-03-15T11:12:46 PDT" finished-at="2023-03-15T11:12:46 PDT">
          <reporter-output>
          </reporter-output>
        </test-method> <!-- simpleTest -->
      </class> <!-- com.webwork.app.runner.SimpleTest -->
    </test> <!-- Default test -->
  </suite> <!-- Default suite -->
</testng-results>
